{
  "profileName": "TomIEPAssistant",
  "jobId": "9dd61ef4-2e77-4800-899c-97219175dc27",
  "projectId": "64518.756879047825",
  "time": "2021-03-13T19:13:10.834Z",
  "log": [
    "Creating Azure resources...",
    "Checking the Existence of the Resource Group ...",
    "Use the Resource Group: ODL-accesshack-310121 at westus",
    "> Creating App Registration ...",
    "Start to add password for App, Id : cd2c5a6d-d0f5-42f5-8f3f-aad6a64a5b09",
    "> Create App Registration Success! ID: cd2c5a6d-d0f5-42f5-8f3f-aad6a64a5b09",
    "Deploying Web App Resource ...",
    "Deploying Bot Resource ...",
    "Deploying Cosmos DB Resource ...",
    "Deploying Application Insights Resource ...",
    "> Linking Application Insights settings to Bot Service ...",
    "{\"stack\":\"Error: The Resource 'Microsoft.Insights/components/ODL-accesshack-310121' under resource group 'ODL-accesshack-310121' was not found. For more details please go to https://aka.ms/ARMResourceNotFoundFix\\n    at new RestError2 (C:\\\\Users\\\\bracc\\\\Documents\\\\Dev\\\\Personal\\\\New folder\\\\BotFramework-Composer\\\\extensions\\\\azurePublish\\\\dist\\\\extension.js:89825:26)\\n    at C:\\\\Users\\\\bracc\\\\Documents\\\\Dev\\\\Personal\\\\New folder\\\\BotFramework-Composer\\\\extensions\\\\azurePublish\\\\dist\\\\extension.js:90746:27\\n    at runMicrotasks (<anonymous>)\\n    at processTicksAndRejections (internal/process/task_queues.js:93:5)\\n    at async AzureResourceMananger.connectAppInsightsToBotService (C:\\\\Users\\\\bracc\\\\Documents\\\\Dev\\\\Personal\\\\New folder\\\\BotFramework-Composer\\\\extensions\\\\azurePublish\\\\dist\\\\extension.js:184442:35)\\n    at async BotProjectProvision.create (C:\\\\Users\\\\bracc\\\\Documents\\\\Dev\\\\Personal\\\\New folder\\\\BotFramework-Composer\\\\extensions\\\\azurePublish\\\\dist\\\\extension.js:185015:15)\\n    at async AzurePublisher.asyncProvision (C:\\\\Users\\\\bracc\\\\Documents\\\\Dev\\\\Personal\\\\New folder\\\\BotFramework-Composer\\\\extensions\\\\azurePublish\\\\dist\\\\extension.js:185456:36)\",\"message\":\"The Resource 'Microsoft.Insights/components/ODL-accesshack-310121' under resource group 'ODL-accesshack-310121' was not found. For more details please go to https://aka.ms/ARMResourceNotFoundFix\",\"code\":\"ResourceNotFound\",\"statusCode\":404,\"request\":{\"body\":\"{\\\"name\\\":\\\"ODL-accesshack-310121-provision-1615662991549\\\",\\\"linkedReadProperties\\\":[\\\"/subscriptions/dcc84cfc-6f03-4847-a91b-c980cf34caa6/resourceGroups/ODL-accesshack-310121/providers/microsoft.insights/components/TomIEPBot/api\\\",\\\"/subscriptions/dcc84cfc-6f03-4847-a91b-c980cf34caa6/resourceGroups/ODL-accesshack-310121/providers/microsoft.insights/components/TomIEPBot/agentconfig\\\"],\\\"linkedWriteProperties\\\":[\\\"/subscriptions/dcc84cfc-6f03-4847-a91b-c980cf34caa6/resourceGroups/ODL-accesshack-310121/providers/microsoft.insights/components/TomIEPBot/annotations\\\"]}\"},\"response\":{\"body\":\"{\\\"error\\\":{\\\"code\\\":\\\"ResourceNotFound\\\",\\\"message\\\":\\\"The Resource 'Microsoft.Insights/components/ODL-accesshack-310121' under resource group 'ODL-accesshack-310121' was not found. For more details please go to https://aka.ms/ARMResourceNotFoundFix\\\"}}\"},\"body\":{\"message\":\"The Resource 'Microsoft.Insights/components/ODL-accesshack-310121' under resource group 'ODL-accesshack-310121' was not found. For more details please go to https://aka.ms/ARMResourceNotFoundFix\",\"code\":\"ResourceNotFound\"}}",
    "{\"name\":\"CONNECT_APP_INSIGHT_ERROR\",\"message\":\"Error - The Resource 'Microsoft.Insights/components/ODL-accesshack-310121' under resource group 'ODL-accesshack-310121' was not found. For more details please go to https://aka.ms/ARMResourceNotFoundFix\",\"stack\":\"Error\\n    at new CustomizeError (C:\\\\Users\\\\bracc\\\\Documents\\\\Dev\\\\Personal\\\\New folder\\\\BotFramework-Composer\\\\extensions\\\\azurePublish\\\\dist\\\\extension.js:183482:25)\\n    at createCustomizeError (C:\\\\Users\\\\bracc\\\\Documents\\\\Dev\\\\Personal\\\\New folder\\\\BotFramework-Composer\\\\extensions\\\\azurePublish\\\\dist\\\\extension.js:183487:10)\\n    at AzureResourceMananger.connectAppInsightsToBotService (C:\\\\Users\\\\bracc\\\\Documents\\\\Dev\\\\Personal\\\\New folder\\\\BotFramework-Composer\\\\extensions\\\\azurePublish\\\\dist\\\\extension.js:184489:13)\\n    at runMicrotasks (<anonymous>)\\n    at processTicksAndRejections (internal/process/task_queues.js:93:5)\\n    at async BotProjectProvision.create (C:\\\\Users\\\\bracc\\\\Documents\\\\Dev\\\\Personal\\\\New folder\\\\BotFramework-Composer\\\\extensions\\\\azurePublish\\\\dist\\\\extension.js:185015:15)\\n    at async AzurePublisher.asyncProvision (C:\\\\Users\\\\bracc\\\\Documents\\\\Dev\\\\Personal\\\\New folder\\\\BotFramework-Composer\\\\extensions\\\\azurePublish\\\\dist\\\\extension.js:185456:36)\"}",
    "CONNECT_APP_INSIGHT_ERROR - Error - The Resource 'Microsoft.Insights/components/ODL-accesshack-310121' under resource group 'ODL-accesshack-310121' was not found. For more details please go to https://aka.ms/ARMResourceNotFoundFix\n        detail message can see provision.TomIEPAssistant.log in your bot folder"
  ]
}
