{
  "profileName": "ODL-accesshack-310121",
  "jobId": "78f1686c-95cd-4fbe-bac5-775c8e9b1f56",
  "projectId": "64518.756879047825",
  "time": "2021-03-13T21:17:42.383Z",
  "log": [
    "Creating Azure resources...",
    "Checking the Existence of the Resource Group ...",
    "Use the Resource Group: ODL-accesshack-310121 at westus",
    "> Creating App Registration ...",
    "Start to add password for App, Id : 6074eef3-96f7-4d2c-9019-fcebd0eddec0",
    "> Create App Registration Success! ID: 6074eef3-96f7-4d2c-9019-fcebd0eddec0",
    "Deploying Web App Resource ...",
    "Deploying Bot Resource ...",
    "Deploying Cosmos DB Resource ...",
    "{\"stack\":\"Error: The requested operation cannot be performed because the database account odl-accesshack-310121 state is not Online.\\r\\nActivityId: 5c005a9c-0f6a-4ec9-8aee-8ea93147b7bc, Microsoft.Azure.Documents.Common/2.11.0\\n    at new RestError2 (C:\\\\Users\\\\bracc\\\\Documents\\\\Dev\\\\Personal\\\\New folder\\\\BotFramework-Composer\\\\extensions\\\\azurePublish\\\\dist\\\\extension.js:89825:26)\\n    at C:\\\\Users\\\\bracc\\\\Documents\\\\Dev\\\\Personal\\\\New folder\\\\BotFramework-Composer\\\\extensions\\\\azurePublish\\\\dist\\\\extension.js:90746:27\\n    at runMicrotasks (<anonymous>)\\n    at processTicksAndRejections (internal/process/task_queues.js:93:5)\\n    at async AzureResourceMananger.deployCosmosDBResource (C:\\\\Users\\\\bracc\\\\Documents\\\\Dev\\\\Personal\\\\New folder\\\\BotFramework-Composer\\\\extensions\\\\azurePublish\\\\dist\\\\extension.js:184499:37)\\n    at async BotProjectProvision.create (C:\\\\Users\\\\bracc\\\\Documents\\\\Dev\\\\Personal\\\\New folder\\\\BotFramework-Composer\\\\extensions\\\\azurePublish\\\\dist\\\\extension.js:185000:41)\\n    at async AzurePublisher.asyncProvision (C:\\\\Users\\\\bracc\\\\Documents\\\\Dev\\\\Personal\\\\New folder\\\\BotFramework-Composer\\\\extensions\\\\azurePublish\\\\dist\\\\extension.js:185456:36)\",\"message\":\"The requested operation cannot be performed because the database account odl-accesshack-310121 state is not Online.\\r\\nActivityId: 5c005a9c-0f6a-4ec9-8aee-8ea93147b7bc, Microsoft.Azure.Documents.Common/2.11.0\",\"code\":\"BadRequest\",\"statusCode\":400,\"request\":{\"body\":\"{\\\"location\\\":\\\"westus\\\",\\\"properties\\\":{\\\"locations\\\":[{\\\"locationName\\\":\\\"westus\\\",\\\"failoverPriority\\\":0}],\\\"databaseAccountOfferType\\\":\\\"Standard\\\"}}\"},\"response\":{\"body\":\"{\\\"code\\\":\\\"BadRequest\\\",\\\"message\\\":\\\"The requested operation cannot be performed because the database account odl-accesshack-310121 state is not Online.\\\\r\\\\nActivityId: 5c005a9c-0f6a-4ec9-8aee-8ea93147b7bc, Microsoft.Azure.Documents.Common/2.11.0\\\"}\"},\"body\":{\"message\":\"The requested operation cannot be performed because the database account odl-accesshack-310121 state is not Online.\\r\\nActivityId: 5c005a9c-0f6a-4ec9-8aee-8ea93147b7bc, Microsoft.Azure.Documents.Common/2.11.0\",\"code\":\"BadRequest\"}}",
    "{\"name\":\"CREATE_COSMOSDB_ERROR\",\"message\":\"Error - The requested operation cannot be performed because the database account odl-accesshack-310121 state is not Online.\\r\\nActivityId: 5c005a9c-0f6a-4ec9-8aee-8ea93147b7bc, Microsoft.Azure.Documents.Common/2.11.0\",\"stack\":\"Error\\n    at new CustomizeError (C:\\\\Users\\\\bracc\\\\Documents\\\\Dev\\\\Personal\\\\New folder\\\\BotFramework-Composer\\\\extensions\\\\azurePublish\\\\dist\\\\extension.js:183482:25)\\n    at createCustomizeError (C:\\\\Users\\\\bracc\\\\Documents\\\\Dev\\\\Personal\\\\New folder\\\\BotFramework-Composer\\\\extensions\\\\azurePublish\\\\dist\\\\extension.js:183487:10)\\n    at AzureResourceMananger.deployCosmosDBResource (C:\\\\Users\\\\bracc\\\\Documents\\\\Dev\\\\Personal\\\\New folder\\\\BotFramework-Composer\\\\extensions\\\\azurePublish\\\\dist\\\\extension.js:184585:13)\\n    at runMicrotasks (<anonymous>)\\n    at processTicksAndRejections (internal/process/task_queues.js:93:5)\\n    at async BotProjectProvision.create (C:\\\\Users\\\\bracc\\\\Documents\\\\Dev\\\\Personal\\\\New folder\\\\BotFramework-Composer\\\\extensions\\\\azurePublish\\\\dist\\\\extension.js:185000:41)\\n    at async AzurePublisher.asyncProvision (C:\\\\Users\\\\bracc\\\\Documents\\\\Dev\\\\Personal\\\\New folder\\\\BotFramework-Composer\\\\extensions\\\\azurePublish\\\\dist\\\\extension.js:185456:36)\"}",
    "CREATE_COSMOSDB_ERROR - Error - The requested operation cannot be performed because the database account odl-accesshack-310121 state is not Online.\r\nActivityId: 5c005a9c-0f6a-4ec9-8aee-8ea93147b7bc, Microsoft.Azure.Documents.Common/2.11.0\n        detail message can see provision.ODL-accesshack-310121.log in your bot folder"
  ]
}
