{
  "profileName": "IEPBotTomAzureA11yHack",
  "jobId": "92479514-d2b8-4884-854b-07ebd3c305ef",
  "projectId": "64518.756879047825",
  "time": "2021-03-06T20:01:03.777Z",
  "log": [
    "Creating Azure resources...",
    "Checking the Existence of the Resource Group ...",
    "Creating Resource Group ...",
    "> Creating App Registration ...",
    "Start to add password for App, Id : 2477ac64-3e7e-4857-ae92-6c39006751d9",
    "> Create App Registration Success! ID: 2477ac64-3e7e-4857-ae92-6c39006751d9",
    "Deploying Web App Resource ...",
    "Deploying Bot Resource ...",
    "Deploying Cosmos DB Resource ...",
    "Deploying Application Insights Resource ...",
    "> Linking Application Insights settings to Bot Service ...",
    "{\"stack\":\"Error: The Resource 'Microsoft.Insights/components/3-6-2AzureA11yHack' under resource group '3-6-2AzureA11yHack' was not found. For more details please go to https://aka.ms/ARMResourceNotFoundFix\\n    at new RestError2 (C:\\\\Users\\\\bracc\\\\Documents\\\\Dev\\\\Personal\\\\New folder\\\\BotFramework-Composer\\\\extensions\\\\azurePublish\\\\dist\\\\extension.js:89825:26)\\n    at C:\\\\Users\\\\bracc\\\\Documents\\\\Dev\\\\Personal\\\\New folder\\\\BotFramework-Composer\\\\extensions\\\\azurePublish\\\\dist\\\\extension.js:90746:27\\n    at runMicrotasks (<anonymous>)\\n    at processTicksAndRejections (internal/process/task_queues.js:93:5)\\n    at async AzureResourceMananger.connectAppInsightsToBotService (C:\\\\Users\\\\bracc\\\\Documents\\\\Dev\\\\Personal\\\\New folder\\\\BotFramework-Composer\\\\extensions\\\\azurePublish\\\\dist\\\\extension.js:184442:35)\\n    at async BotProjectProvision.create (C:\\\\Users\\\\bracc\\\\Documents\\\\Dev\\\\Personal\\\\New folder\\\\BotFramework-Composer\\\\extensions\\\\azurePublish\\\\dist\\\\extension.js:185015:15)\\n    at async AzurePublisher.asyncProvision (C:\\\\Users\\\\bracc\\\\Documents\\\\Dev\\\\Personal\\\\New folder\\\\BotFramework-Composer\\\\extensions\\\\azurePublish\\\\dist\\\\extension.js:185456:36)\",\"message\":\"The Resource 'Microsoft.Insights/components/3-6-2AzureA11yHack' under resource group '3-6-2AzureA11yHack' was not found. For more details please go to https://aka.ms/ARMResourceNotFoundFix\",\"code\":\"ResourceNotFound\",\"statusCode\":404,\"request\":{\"body\":\"{\\\"name\\\":\\\"3-6-2AzureA11yHack-provision-1615061108354\\\",\\\"linkedReadProperties\\\":[\\\"/subscriptions/eeb79da0-24eb-4d4c-b9ac-c5d8b4b9c80a/resourceGroups/3-6-2AzureA11yHack/providers/microsoft.insights/components/IEPBotTomA11y/api\\\",\\\"/subscriptions/eeb79da0-24eb-4d4c-b9ac-c5d8b4b9c80a/resourceGroups/3-6-2AzureA11yHack/providers/microsoft.insights/components/IEPBotTomA11y/agentconfig\\\"],\\\"linkedWriteProperties\\\":[\\\"/subscriptions/eeb79da0-24eb-4d4c-b9ac-c5d8b4b9c80a/resourceGroups/3-6-2AzureA11yHack/providers/microsoft.insights/components/IEPBotTomA11y/annotations\\\"]}\"},\"response\":{\"body\":\"{\\\"error\\\":{\\\"code\\\":\\\"ResourceNotFound\\\",\\\"message\\\":\\\"The Resource 'Microsoft.Insights/components/3-6-2AzureA11yHack' under resource group '3-6-2AzureA11yHack' was not found. For more details please go to https://aka.ms/ARMResourceNotFoundFix\\\"}}\"},\"body\":{\"message\":\"The Resource 'Microsoft.Insights/components/3-6-2AzureA11yHack' under resource group '3-6-2AzureA11yHack' was not found. For more details please go to https://aka.ms/ARMResourceNotFoundFix\",\"code\":\"ResourceNotFound\"}}",
    "{\"name\":\"CONNECT_APP_INSIGHT_ERROR\",\"message\":\"Error - The Resource 'Microsoft.Insights/components/3-6-2AzureA11yHack' under resource group '3-6-2AzureA11yHack' was not found. For more details please go to https://aka.ms/ARMResourceNotFoundFix\",\"stack\":\"Error\\n    at new CustomizeError (C:\\\\Users\\\\bracc\\\\Documents\\\\Dev\\\\Personal\\\\New folder\\\\BotFramework-Composer\\\\extensions\\\\azurePublish\\\\dist\\\\extension.js:183482:25)\\n    at createCustomizeError (C:\\\\Users\\\\bracc\\\\Documents\\\\Dev\\\\Personal\\\\New folder\\\\BotFramework-Composer\\\\extensions\\\\azurePublish\\\\dist\\\\extension.js:183487:10)\\n    at AzureResourceMananger.connectAppInsightsToBotService (C:\\\\Users\\\\bracc\\\\Documents\\\\Dev\\\\Personal\\\\New folder\\\\BotFramework-Composer\\\\extensions\\\\azurePublish\\\\dist\\\\extension.js:184489:13)\\n    at runMicrotasks (<anonymous>)\\n    at processTicksAndRejections (internal/process/task_queues.js:93:5)\\n    at async BotProjectProvision.create (C:\\\\Users\\\\bracc\\\\Documents\\\\Dev\\\\Personal\\\\New folder\\\\BotFramework-Composer\\\\extensions\\\\azurePublish\\\\dist\\\\extension.js:185015:15)\\n    at async AzurePublisher.asyncProvision (C:\\\\Users\\\\bracc\\\\Documents\\\\Dev\\\\Personal\\\\New folder\\\\BotFramework-Composer\\\\extensions\\\\azurePublish\\\\dist\\\\extension.js:185456:36)\"}",
    "CONNECT_APP_INSIGHT_ERROR - Error - The Resource 'Microsoft.Insights/components/3-6-2AzureA11yHack' under resource group '3-6-2AzureA11yHack' was not found. For more details please go to https://aka.ms/ARMResourceNotFoundFix\n        detail message can see provision.IEPBotTomAzureA11yHack.log in your bot folder"
  ]
}
